TN:
SF:/Users/mickperkins/Development/storm-components/storm-toggler/dist/storm-toggler.js
FN:13,init
FN:26,(anonymous_1)
FN:30,toggleAttributes
FN:32,(anonymous_3)
FN:36,toggleDocumentState
FN:40,toggle
FN:50,(anonymous_6)
FN:58,init
FN:63,(anonymous_8)
FNF:9
FNH:9
FNDA:5,init
FNDA:4,(anonymous_1)
FNDA:1,toggleAttributes
FNDA:1,(anonymous_3)
FNDA:1,toggleDocumentState
FNDA:4,toggle
FNDA:1,(anonymous_6)
FNDA:4,init
FNDA:5,(anonymous_8)
DA:7,1
DA:13,1
DA:14,5
DA:15,5
DA:16,5
DA:17,5
DA:19,5
DA:20,5
DA:22,5
DA:23,5
DA:24,5
DA:26,5
DA:28,5
DA:31,1
DA:32,1
DA:33,1
DA:37,1
DA:38,1
DA:40,4
DA:41,4
DA:43,4
DA:44,4
DA:45,4
DA:48,4
DA:50,4
DA:51,1
DA:52,1
DA:53,1
DA:58,1
DA:59,4
DA:61,4
DA:63,3
DA:64,5
LF:33
LH:33
BRDA:16,0,0,4
BRDA:16,0,1,1
BRDA:19,1,0,4
BRDA:19,1,1,1
BRDA:20,2,0,4
BRDA:20,2,1,1
BRDA:41,3,0,1
BRDA:41,3,1,3
BRDA:43,4,0,4
BRDA:43,4,1,0
BRDA:53,5,0,1
BRDA:53,5,1,1
BRDA:53,5,2,1
BRDA:61,6,0,1
BRDA:61,6,1,3
BRDA:66,7,0,5
BRDA:66,7,1,0
BRF:17
BRH:15
end_of_record
