TN:
SF:/Users/mickperkins/Development/storm/components/published/storm-toggler/dist/storm-toggler.js
FN:17,init
FN:28,(anonymous_1)
FN:34,(anonymous_2)
FN:17,getFocusableChildren
FN:44,toggleAttributes
FN:46,(anonymous_5)
FN:50,toggleDocumentState
FN:54,manageFocus
FN:57,(anonymous_8)
FN:62,(anonymous_9)
FN:68,trapTab
FN:17,keyListener
FN:89,toggle
FN:101,(anonymous_13)
FN:110,init
FN:115,(anonymous_15)
FNF:16
FNH:12
FNDA:5,init
FNDA:7,(anonymous_1)
FNDA:5,(anonymous_2)
FNDA:5,getFocusableChildren
FNDA:4,toggleAttributes
FNDA:5,(anonymous_5)
FNDA:4,toggleDocumentState
FNDA:4,manageFocus
FNDA:0,(anonymous_8)
FNDA:0,(anonymous_9)
FNDA:0,trapTab
FNDA:0,keyListener
FNDA:5,toggle
FNDA:4,(anonymous_13)
FNDA:4,init
FNDA:5,(anonymous_15)
DA:7,1
DA:17,1
DA:18,5
DA:19,5
DA:20,5
DA:21,5
DA:22,5
DA:23,5
DA:25,5
DA:26,5
DA:28,5
DA:29,7
DA:30,7
DA:31,7
DA:34,5
DA:35,5
DA:37,5
DA:40,5
DA:42,5
DA:45,4
DA:46,4
DA:47,5
DA:51,4
DA:52,4
DA:54,4
DA:55,4
DA:56,3
DA:57,3
DA:58,3
DA:61,1
DA:62,1
DA:63,0
DA:64,0
DA:69,0
DA:70,0
DA:71,0
DA:72,0
DA:74,0
DA:75,0
DA:76,0
DA:81,0
DA:82,0
DA:83,0
DA:85,0
DA:86,0
DA:89,5
DA:90,5
DA:92,5
DA:94,5
DA:95,5
DA:96,5
DA:99,5
DA:101,5
DA:102,4
DA:103,4
DA:104,4
DA:105,4
DA:110,1
DA:111,4
DA:113,4
DA:115,3
DA:116,5
LF:62
LH:48
BRDA:20,0,0,4
BRDA:20,0,1,1
BRDA:22,1,0,5
BRDA:22,1,1,0
BRDA:23,2,0,0
BRDA:23,2,1,5
BRDA:25,3,0,4
BRDA:25,3,1,1
BRDA:26,4,0,4
BRDA:26,4,1,1
BRDA:35,5,0,5
BRDA:35,5,1,0
BRDA:47,6,0,1
BRDA:47,6,1,4
BRDA:55,7,0,3
BRDA:55,7,1,1
BRDA:57,8,0,3
BRDA:57,8,1,0
BRDA:58,9,0,3
BRDA:58,9,1,0
BRDA:61,10,0,1
BRDA:61,10,1,0
BRDA:62,11,0,1
BRDA:62,11,1,0
BRDA:70,12,0,0
BRDA:70,12,1,0
BRDA:70,13,0,0
BRDA:70,13,1,0
BRDA:74,14,0,0
BRDA:74,14,1,0
BRDA:74,15,0,0
BRDA:74,15,1,0
BRDA:81,16,0,0
BRDA:81,16,1,0
BRDA:81,17,0,0
BRDA:81,17,1,0
BRDA:85,18,0,0
BRDA:85,18,1,0
BRDA:85,19,0,0
BRDA:85,19,1,0
BRDA:90,20,0,2
BRDA:90,20,1,3
BRDA:92,21,0,5
BRDA:92,21,1,0
BRDA:92,21,2,0
BRDA:94,22,0,5
BRDA:94,22,1,0
BRDA:102,23,0,4
BRDA:102,23,1,4
BRDA:102,23,2,4
BRDA:105,24,0,4
BRDA:105,24,1,1
BRDA:105,24,2,1
BRDA:113,25,0,1
BRDA:113,25,1,3
BRDA:118,26,0,5
BRDA:118,26,1,0
BRF:57
BRH:30
end_of_record
